Assignment5/SunCalculator/app/build/outputs/logs/manifest-merger-debug-report.txt
-- Merging decision tree log ---
manifest
ADDED from src\main\AndroidManifest.xml:2:1-23:12
	package
		ADDED from src\main\AndroidManifest.xml:3:7-34
		INJECTED from src\main\AndroidManifest.xml
		INJECTED from src\main\AndroidManifest.xml
	android:versionName
		ADDED from src\main\AndroidManifest.xml:5:7-32
		INJECTED from src\main\AndroidManifest.xml
		INJECTED from src\main\AndroidManifest.xml
	android:versionCode
		ADDED from src\main\AndroidManifest.xml:4:7-30
		INJECTED from src\main\AndroidManifest.xml
		INJECTED from src\main\AndroidManifest.xml
	xmlns:android
		ADDED from src\main\AndroidManifest.xml:2:11-69
uses-permission#android.permission.ACCESS_FINE_LOCATION
ADDED from src\main\AndroidManifest.xml:7:1-91
	android:name
		ADDED from src\main\AndroidManifest.xml:7:18-72
uses-permission#android.permission.ACCESS_MOCK_LOCATION
ADDED from src\main\AndroidManifest.xml:8:1-91
	android:name
		ADDED from src\main\AndroidManifest.xml:8:18-72
uses-permission#android.permission.INTERNET
ADDED from src\main\AndroidManifest.xml:9:1-79
	android:name
		ADDED from src\main\AndroidManifest.xml:9:18-60
application
ADDED from src\main\AndroidManifest.xml:11:5-21:19
	android:label
		ADDED from src\main\AndroidManifest.xml:11:50-82
	android:icon
		ADDED from src\main\AndroidManifest.xml:11:18-49
activity#swindroid.suntime.ui.Main
ADDED from src\main\AndroidManifest.xml:12:9-19:20
	android:screenOrientation
		ADDED from src\main\AndroidManifest.xml:13:13-49
	android:label
		ADDED from src\main\AndroidManifest.xml:14:19-51
	android:name
		ADDED from src\main\AndroidManifest.xml:12:19-59
intent-filter#android.intent.action.MAIN+android.intent.category.LAUNCHER
ADDED from src\main\AndroidManifest.xml:15:13-18:29
action#android.intent.action.MAIN
ADDED from src\main\AndroidManifest.xml:16:17-69
	android:name
		ADDED from src\main\AndroidManifest.xml:16:25-66
category#android.intent.category.LAUNCHER
ADDED from src\main\AndroidManifest.xml:17:17-77
	android:name
		ADDED from src\main\AndroidManifest.xml:17:27-74